➜  quadra-system-infrastructure git:(main) ✗  /usr/bin/env /Library/Java/JavaVirtualMachines/graalvm-jdk-21.0.10+8.1/Contents/Home/bin/java @/var/folders/yy/7r8l0b4n7tgf7kl37qvyq30m0000gn/T/cp_9zfcpztqrtbv1tqud0hvgi88p.argfile com.qua
dra.system.infrastructure.QuadraSystemApplication 

  .   ____          _            __ _ _
 /\\ / ___'_ __ _ _(_)_ __  __ _ \ \ \ \
( ( )\___ | '_ | '_| | '_ \/ _` | \ \ \ \
 \\/  ___)| |_)| | | | | || (_| |  ) ) ) )
  '  |____| .__|_| |_|_| |_\__, | / / / /
 =========|_|==============|___/=/_/_/_/

 :: Spring Boot ::               (v3.5.13)

2026-04-08T12:35:13.443+08:00  INFO 49444 --- [quadra-system] [           main] c.q.s.i.QuadraSystemApplication          : Starting QuadraSystemApplication using Java 21.0.10 with PID 49444 (/Users/wuyunbin/workspace/quadra/quadra-system-module/quadra-system-infrastructure/target/classes started by wuyunbin in /Users/wuyunbin/workspace/quadra/quadra-system-module/quadra-system-infrastructure)
2026-04-08T12:35:13.444+08:00  INFO 49444 --- [quadra-system] [           main] c.q.s.i.QuadraSystemApplication          : No active profile set, falling back to 1 default profile: "default"
2026-04-08T12:35:13.802+08:00  INFO 49444 --- [quadra-system] [           main] .s.d.r.c.RepositoryConfigurationDelegate : Multiple Spring Data modules found, entering strict repository configuration mode
2026-04-08T12:35:13.802+08:00  INFO 49444 --- [quadra-system] [           main] .s.d.r.c.RepositoryConfigurationDelegate : Bootstrapping Spring Data Redis repositories in DEFAULT mode.
2026-04-08T12:35:13.814+08:00  INFO 49444 --- [quadra-system] [           main] .s.d.r.c.RepositoryConfigurationDelegate : Finished Spring Data repository scanning in 2 ms. Found 0 Redis repository interfaces.
2026-04-08T12:35:13.956+08:00  INFO 49444 --- [quadra-system] [           main] .s.d.r.c.RepositoryConfigurationDelegate : Multiple Spring Data modules found, entering strict repository configuration mode
2026-04-08T12:35:13.956+08:00  INFO 49444 --- [quadra-system] [           main] .s.d.r.c.RepositoryConfigurationDelegate : Bootstrapping Spring Data Redis repositories in DEFAULT mode.
2026-04-08T12:35:13.962+08:00  INFO 49444 --- [quadra-system] [           main] .s.d.r.c.RepositoryConfigurationDelegate : Finished Spring Data repository scanning in 5 ms. Found 0 Redis repository interfaces.
2026-04-08T12:35:14.093+08:00  INFO 49444 --- [quadra-system] [           main] o.s.cloud.context.scope.GenericScope     : BeanFactory id=a2456526-f5a0-3297-bf9d-6a04899872cb
2026-04-08T12:35:14.407+08:00  INFO 49444 --- [quadra-system] [           main] o.s.b.w.embedded.tomcat.TomcatWebServer  : Tomcat initialized with port 18086 (http)
2026-04-08T12:35:14.415+08:00  INFO 49444 --- [quadra-system] [           main] o.apache.catalina.core.StandardService   : Starting service [Tomcat]
2026-04-08T12:35:14.415+08:00  INFO 49444 --- [quadra-system] [           main] o.apache.catalina.core.StandardEngine    : Starting Servlet engine: [Apache Tomcat/10.1.53]
2026-04-08T12:35:14.445+08:00  INFO 49444 --- [quadra-system] [           main] o.a.c.c.C.[Tomcat].[localhost].[/]       : Initializing Spring embedded WebApplicationContext
2026-04-08T12:35:14.445+08:00  INFO 49444 --- [quadra-system] [           main] w.s.c.ServletWebServerApplicationContext : Root WebApplicationContext: initialization completed in 975 ms
Logging initialized using 'class org.apache.ibatis.logging.stdout.StdOutImpl' adapter.
Get /192.168.2.19 network interface 
Get network interface info: name:en0 (en0)
Initialization Sequence datacenterId:25 workerId:12
 _ _   |_  _ _|_. ___ _ |    _ 
| | |\/|_)(_| | |_\  |_)||_|_\ 
     /               |         
                        3.5.15 
2026-04-08T12:35:15.035+08:00  INFO 49444 --- [quadra-system] [           main] o.s.c.openfeign.FeignClientFactoryBean   : For 'quadra-user' URL not provided. Will try picking an instance via load-balancing.
2026-04-08T12:35:15.323+08:00  INFO 49444 --- [quadra-system] [           main] m.e.s.MybatisPlusApplicationContextAware : Register ApplicationContext instances org.springframework.boot.web.servlet.context.AnnotationConfigServletWebServerApplicationContext@556d0826
2026-04-08T12:35:15.431+08:00  WARN 49444 --- [quadra-system] [           main] iguration$LoadBalancerCaffeineWarnLogger : Spring Cloud LoadBalancer is currently working with the default cache. While this cache implementation is useful for development and tests, it's recommended to use Caffeine cache in production.You can switch to using Caffeine cache, by adding it and org.springframework.cache.caffeine.CaffeineCacheManager to the classpath.
2026-04-08T12:35:15.464+08:00  INFO 49444 --- [quadra-system] [           main] o.s.b.w.embedded.tomcat.TomcatWebServer  : Tomcat started on port 18086 (http) with context path '/'
2026-04-08T12:35:15.471+08:00  INFO 49444 --- [quadra-system] [           main] c.a.nacos.client.logging.NacosLogging    : Nacos Logging Adapter Builder: com.alibaba.nacos.logger.adapter.logback14.LogbackNacosLoggingAdapterBuilder
2026-04-08T12:35:15.472+08:00  INFO 49444 --- [quadra-system] [           main] c.a.nacos.client.logging.NacosLogging    : Nacos Logging Adapter: com.alibaba.nacos.logger.adapter.logback14.LogbackNacosLoggingAdapter match ch.qos.logback.classic.Logger success.
2026-04-08T12:35:15.472+08:00  INFO 49444 --- [quadra-system] [           main] c.a.nacos.client.logging.NacosLogging    : Nacos Logging Adapter Builder: com.alibaba.nacos.logger.adapter.log4j2.Log4j2NacosLoggingAdapterBuilder
2026-04-08T12:35:15.493+08:00  INFO 49444 --- [quadra-system] [       Thread-3] c.a.n.c.a.r.identify.CredentialWatcher   : null No credential found
2026-04-08T12:35:15.533+08:00  INFO 49444 --- [quadra-system] [           main] c.a.n.p.a.s.c.ClientAuthPluginManager    : [ClientAuthPluginManager] Load ClientAuthService com.alibaba.nacos.client.auth.impl.NacosClientAuthServiceImpl success.
2026-04-08T12:35:15.533+08:00  INFO 49444 --- [quadra-system] [           main] c.a.n.p.a.s.c.ClientAuthPluginManager    : [ClientAuthPluginManager] Load ClientAuthService com.alibaba.nacos.client.auth.ram.RamClientAuthServiceImpl success.
2026-04-08T12:35:15.929+08:00  INFO 49444 --- [quadra-system] [           main] c.a.n.c.a.AbstractAbilityControlManager  : Ready to get current node abilities...
2026-04-08T12:35:15.929+08:00  INFO 49444 --- [quadra-system] [           main] c.a.n.c.a.AbstractAbilityControlManager  : Ready to initialize current node abilities, support modes: [SDK_CLIENT]
2026-04-08T12:35:15.930+08:00  INFO 49444 --- [quadra-system] [           main] c.a.n.c.a.AbstractAbilityControlManager  : Initialize current abilities finish...
2026-04-08T12:35:15.930+08:00  INFO 49444 --- [quadra-system] [           main] c.a.n.c.a.d.NacosAbilityManagerHolder    : [AbilityControlManager] Successfully initialize AbilityControlManager
2026-04-08T12:35:15.957+08:00  INFO 49444 --- [quadra-system] [           main] c.a.c.n.registry.NacosServiceRegistry    : nacos registry, DEFAULT_GROUP quadra-system 192.168.2.19:18086 register finished
2026-04-08T12:35:15.970+08:00  INFO 49444 --- [quadra-system] [           main] c.q.s.i.QuadraSystemApplication          : Started QuadraSystemApplication in 2.734 seconds (process running for 3.128)
2026-04-08T12:35:21.463+08:00  INFO 49444 --- [quadra-system] [io-18086-exec-1] o.a.c.c.C.[Tomcat].[localhost].[/]       : Initializing Spring DispatcherServlet 'dispatcherServlet'
2026-04-08T12:35:21.463+08:00  INFO 49444 --- [quadra-system] [io-18086-exec-1] o.s.web.servlet.DispatcherServlet        : Initializing Servlet 'dispatcherServlet'
2026-04-08T12:35:21.465+08:00  INFO 49444 --- [quadra-system] [io-18086-exec-1] o.s.web.servlet.DispatcherServlet        : Completed initialization in 1 ms
Creating a new SqlSession
SqlSession [org.apache.ibatis.session.defaults.DefaultSqlSession@418a2ff0] was not registered for synchronization because synchronization is not active
2026-04-08T12:35:21.522+08:00  INFO 49444 --- [quadra-system] [io-18086-exec-1] com.zaxxer.hikari.HikariDataSource       : HikariPool-1 - Starting...
2026-04-08T12:35:21.701+08:00  INFO 49444 --- [quadra-system] [io-18086-exec-1] com.zaxxer.hikari.pool.HikariPool        : HikariPool-1 - Added connection com.mysql.cj.jdbc.ConnectionImpl@4c260a7f
2026-04-08T12:35:21.701+08:00  INFO 49444 --- [quadra-system] [io-18086-exec-1] com.zaxxer.hikari.HikariDataSource       : HikariPool-1 - Start completed.
JDBC Connection [HikariProxyConnection@1487592136 wrapping com.mysql.cj.jdbc.ConnectionImpl@4c260a7f] will not be managed by Spring
==>  Preparing: SELECT id,username,password,real_name,avatar,status,version,deleted,created_at,updated_at FROM sys_admin WHERE deleted=0 AND (username = ? AND deleted = ?)
==> Parameters: admin(String), 0(Integer)
<==    Columns: id, username, password, real_name, avatar, status, version, deleted, created_at, updated_at
<==        Row: 1, admin, $2a$10$ttAXvgQ8MlxCgZk0Eg1u3.4JJKhgoiwkBr0LwQlKVI.iLjRqDRUEu, 超级管理员, null, 1, 0, 0, 2026-04-08 12:19:24, 2026-04-08 12:19:24
<==      Total: 1
Closing non transactional SqlSession [org.apache.ibatis.session.defaults.DefaultSqlSession@418a2ff0]
Creating a new SqlSession
SqlSession [org.apache.ibatis.session.defaults.DefaultSqlSession@2c4c9dd8] was not registered for synchronization because synchronization is not active
JDBC Connection [HikariProxyConnection@1698824029 wrapping com.mysql.cj.jdbc.ConnectionImpl@4c260a7f] will not be managed by Spring
==>  Preparing: INSERT INTO sys_login_log ( id, admin_id, admin_name, ip, location, user_agent, status, created_at ) VALUES ( ?, ?, ?, ?, ?, ?, ?, ? )
==> Parameters: 2041736634125434882(Long), 1(Long), admin(String), 192.168.2.19(String), Unknown(String), Mozilla/5.0 (Macintosh; Intel Mac OS X 10_15_7) AppleWebKit/537.36 (KHTML, like Gecko) Chrome/146.0.0.0 Safari/537.36(String), SUCCESS(String), 2026-04-08T12:35:21.861956(LocalDateTime)
Closing non transactional SqlSession [org.apache.ibatis.session.defaults.DefaultSqlSession@2c4c9dd8]
Creating a new SqlSession
SqlSession [org.apache.ibatis.session.defaults.DefaultSqlSession@28e077cf] was not registered for synchronization because synchronization is not active
JDBC Connection [HikariProxyConnection@1409309216 wrapping com.mysql.cj.jdbc.ConnectionImpl@4c260a7f] will not be managed by Spring
==>  Preparing: INSERT INTO sys_login_log ( id, admin_name, ip, location, user_agent, status, reason, created_at ) VALUES ( ?, ?, ?, ?, ?, ?, ?, ? )
==> Parameters: 2041736635677327362(Long), admin(String), 192.168.2.19(String), Unknown(String), Mozilla/5.0 (Macintosh; Intel Mac OS X 10_15_7) AppleWebKit/537.36 (KHTML, like Gecko) Chrome/146.0.0.0 Safari/537.36(String), FAILED(String), 
### Error updating database.  Cause: java.sql.SQLSyntaxErrorException: Unknown column 'ip' in 'field list'
### The error may exist in com/quadra/system/adapter/out/persistence/mapper/SysLoginLogMapper.java (best guess)
### The error may involve com.quadra.system.adapter.out.persistence.mapper.SysLoginLogMapper.insert-Inline
### The error occurred while setting parameters
### SQL: INSERT INTO sys_login_log  ( id, admin_id, admin_name, ip, location, user_agent, status,  created_at )  VALUES (  ?, ?, ?, ?, ?, ?, ?,  ?  )
### Cause: java.sql.SQLSyntaxErrorException: Unknown column 'ip' in 'field list'
; bad SQL grammar [](String), 2026-04-08T12:35:22.234536(LocalDateTime)
Closing non transactional SqlSession [org.apache.ibatis.session.defaults.DefaultSqlSession@28e077cf]
2026-04-08T12:35:22.239+08:00 ERROR 49444 --- [quadra-system] [io-18086-exec-1] c.q.s.a.i.w.e.GlobalExceptionHandler     : 系统未知异常: 

org.springframework.jdbc.BadSqlGrammarException: 
### Error updating database.  Cause: java.sql.SQLSyntaxErrorException: Unknown column 'ip' in 'field list'
### The error may exist in com/quadra/system/adapter/out/persistence/mapper/SysLoginLogMapper.java (best guess)
### The error may involve com.quadra.system.adapter.out.persistence.mapper.SysLoginLogMapper.insert-Inline
### The error occurred while setting parameters
### SQL: INSERT INTO sys_login_log  ( id,  admin_name, ip, location, user_agent, status, reason, created_at )  VALUES (  ?,  ?, ?, ?, ?, ?, ?, ?  )
### Cause: java.sql.SQLSyntaxErrorException: Unknown column 'ip' in 'field list'
; bad SQL grammar []
        at org.springframework.jdbc.support.SQLErrorCodeSQLExceptionTranslator.doTranslate(SQLErrorCodeSQLExceptionTranslator.java:246) ~[spring-jdbc-6.2.17.jar:6.2.17]
        at org.springframework.jdbc.support.AbstractFallbackSQLExceptionTranslator.translate(AbstractFallbackSQLExceptionTranslator.java:107) ~[spring-jdbc-6.2.17.jar:6.2.17]
        at org.mybatis.spring.MyBatisExceptionTranslator.translateExceptionIfPossible(MyBatisExceptionTranslator.java:95) ~[mybatis-spring-3.0.5.jar:3.0.5]
        at org.mybatis.spring.SqlSessionTemplate$SqlSessionInterceptor.invoke(SqlSessionTemplate.java:347) ~[mybatis-spring-3.0.5.jar:3.0.5]
        at jdk.proxy2/jdk.proxy2.$Proxy94.insert(Unknown Source) ~[na:na]
        at org.mybatis.spring.SqlSessionTemplate.insert(SqlSessionTemplate.java:224) ~[mybatis-spring-3.0.5.jar:3.0.5]
        at com.baomidou.mybatisplus.core.override.MybatisMapperMethod.execute(MybatisMapperMethod.java:59) ~[mybatis-plus-core-3.5.15.jar:3.5.15]
        at com.baomidou.mybatisplus.core.override.MybatisMapperProxy$PlainMethodInvoker.invoke(MybatisMapperProxy.java:156) ~[mybatis-plus-core-3.5.15.jar:3.5.15]
        at com.baomidou.mybatisplus.core.override.MybatisMapperProxy.invoke(MybatisMapperProxy.java:93) ~[mybatis-plus-core-3.5.15.jar:3.5.15]
        at jdk.proxy2/jdk.proxy2.$Proxy130.insert(Unknown Source) ~[na:na]
        at com.quadra.system.adapter.out.persistence.SystemLogRepositoryImpl.saveLoginLog(SystemLogRepositoryImpl.java:204) ~[classes/:na]
        at java.base/jdk.internal.reflect.DirectMethodHandleAccessor.invoke(DirectMethodHandleAccessor.java:103) ~[na:na]
        at java.base/java.lang.reflect.Method.invoke(Method.java:580) ~[na:na]
        at org.springframework.aop.support.AopUtils.invokeJoinpointUsingReflection(AopUtils.java:360) ~[spring-aop-6.2.17.jar:6.2.17]
        at org.springframework.aop.framework.ReflectiveMethodInvocation.invokeJoinpoint(ReflectiveMethodInvocation.java:196) ~[spring-aop-6.2.17.jar:6.2.17]
        at org.springframework.aop.framework.ReflectiveMethodInvocation.proceed(ReflectiveMethodInvocation.java:163) ~[spring-aop-6.2.17.jar:6.2.17]
        at org.springframework.dao.support.PersistenceExceptionTranslationInterceptor.invoke(PersistenceExceptionTranslationInterceptor.java:138) ~[spring-tx-6.2.17.jar:6.2.17]
        at org.springframework.aop.framework.ReflectiveMethodInvocation.proceed(ReflectiveMethodInvocation.java:184) ~[spring-aop-6.2.17.jar:6.2.17]
        at org.springframework.aop.framework.CglibAopProxy$DynamicAdvisedInterceptor.intercept(CglibAopProxy.java:728) ~[spring-aop-6.2.17.jar:6.2.17]
        at com.quadra.system.adapter.out.persistence.SystemLogRepositoryImpl$$SpringCGLIB$$0.saveLoginLog(<generated>) ~[classes/:na]
        at com.quadra.system.application.service.SystemLogApplicationService.save(SystemLogApplicationService.java:58) ~[classes/:na]
        at com.quadra.system.adapter.in.web.SystemController.login(SystemController.java:88) ~[classes/:na]
        at java.base/jdk.internal.reflect.DirectMethodHandleAccessor.invoke(DirectMethodHandleAccessor.java:103) ~[na:na]
        at java.base/java.lang.reflect.Method.invoke(Method.java:580) ~[na:na]
        at org.springframework.aop.support.AopUtils.invokeJoinpointUsingReflection(AopUtils.java:360) ~[spring-aop-6.2.17.jar:6.2.17]
        at org.springframework.aop.framework.ReflectiveMethodInvocation.invokeJoinpoint(ReflectiveMethodInvocation.java:196) ~[spring-aop-6.2.17.jar:6.2.17]
        at org.springframework.aop.framework.ReflectiveMethodInvocation.proceed(ReflectiveMethodInvocation.java:163) ~[spring-aop-6.2.17.jar:6.2.17]
        at org.springframework.aop.interceptor.ExposeInvocationInterceptor.invoke(ExposeInvocationInterceptor.java:97) ~[spring-aop-6.2.17.jar:6.2.17]
        at org.springframework.aop.framework.ReflectiveMethodInvocation.proceed(ReflectiveMethodInvocation.java:184) ~[spring-aop-6.2.17.jar:6.2.17]
        at org.springframework.aop.framework.CglibAopProxy$DynamicAdvisedInterceptor.intercept(CglibAopProxy.java:728) ~[spring-aop-6.2.17.jar:6.2.17]
        at com.quadra.system.adapter.in.web.SystemController$$SpringCGLIB$$0.login(<generated>) ~[classes/:na]
        at java.base/jdk.internal.reflect.DirectMethodHandleAccessor.invoke(DirectMethodHandleAccessor.java:103) ~[na:na]
        at java.base/java.lang.reflect.Method.invoke(Method.java:580) ~[na:na]
        at org.springframework.web.method.support.InvocableHandlerMethod.doInvoke(InvocableHandlerMethod.java:258) ~[spring-web-6.2.17.jar:6.2.17]
        at org.springframework.web.method.support.InvocableHandlerMethod.invokeForRequest(InvocableHandlerMethod.java:191) ~[spring-web-6.2.17.jar:6.2.17]
        at org.springframework.web.servlet.mvc.method.annotation.ServletInvocableHandlerMethod.invokeAndHandle(ServletInvocableHandlerMethod.java:118) ~[spring-webmvc-6.2.17.jar:6.2.17]
        at org.springframework.web.servlet.mvc.method.annotation.RequestMappingHandlerAdapter.invokeHandlerMethod(RequestMappingHandlerAdapter.java:991) ~[spring-webmvc-6.2.17.jar:6.2.17]
        at org.springframework.web.servlet.mvc.method.annotation.RequestMappingHandlerAdapter.handleInternal(RequestMappingHandlerAdapter.java:896) ~[spring-webmvc-6.2.17.jar:6.2.17]
        at org.springframework.web.servlet.mvc.method.AbstractHandlerMethodAdapter.handle(AbstractHandlerMethodAdapter.java:87) ~[spring-webmvc-6.2.17.jar:6.2.17]
        at org.springframework.web.servlet.DispatcherServlet.doDispatch(DispatcherServlet.java:1089) ~[spring-webmvc-6.2.17.jar:6.2.17]
        at org.springframework.web.servlet.DispatcherServlet.doService(DispatcherServlet.java:979) ~[spring-webmvc-6.2.17.jar:6.2.17]
        at org.springframework.web.servlet.FrameworkServlet.processRequest(FrameworkServlet.java:1014) ~[spring-webmvc-6.2.17.jar:6.2.17]
        at org.springframework.web.servlet.FrameworkServlet.doPost(FrameworkServlet.java:914) ~[spring-webmvc-6.2.17.jar:6.2.17]
        at jakarta.servlet.http.HttpServlet.service(HttpServlet.java:590) ~[tomcat-embed-core-10.1.53.jar:6.0]
        at org.springframework.web.servlet.FrameworkServlet.service(FrameworkServlet.java:885) ~[spring-webmvc-6.2.17.jar:6.2.17]
        at jakarta.servlet.http.HttpServlet.service(HttpServlet.java:658) ~[tomcat-embed-core-10.1.53.jar:6.0]
        at org.apache.catalina.core.ApplicationFilterChain.internalDoFilter(ApplicationFilterChain.java:193) ~[tomcat-embed-core-10.1.53.jar:10.1.53]
        at org.apache.catalina.core.ApplicationFilterChain.doFilter(ApplicationFilterChain.java:138) ~[tomcat-embed-core-10.1.53.jar:10.1.53]
        at org.apache.tomcat.websocket.server.WsFilter.doFilter(WsFilter.java:51) ~[tomcat-embed-websocket-10.1.53.jar:10.1.53]
        at org.apache.catalina.core.ApplicationFilterChain.internalDoFilter(ApplicationFilterChain.java:162) ~[tomcat-embed-core-10.1.53.jar:10.1.53]
        at org.apache.catalina.core.ApplicationFilterChain.doFilter(ApplicationFilterChain.java:138) ~[tomcat-embed-core-10.1.53.jar:10.1.53]
        at com.quadra.system.adapter.in.web.filter.SysRequestLogFilter.doFilterInternal(SysRequestLogFilter.java:67) ~[classes/:na]
        at org.springframework.web.filter.OncePerRequestFilter.doFilter(OncePerRequestFilter.java:116) ~[spring-web-6.2.17.jar:6.2.17]
        at org.apache.catalina.core.ApplicationFilterChain.internalDoFilter(ApplicationFilterChain.java:162) ~[tomcat-embed-core-10.1.53.jar:10.1.53]
        at org.apache.catalina.core.ApplicationFilterChain.doFilter(ApplicationFilterChain.java:138) ~[tomcat-embed-core-10.1.53.jar:10.1.53]
        at org.springframework.web.filter.RequestContextFilter.doFilterInternal(RequestContextFilter.java:100) ~[spring-web-6.2.17.jar:6.2.17]
        at org.springframework.web.filter.OncePerRequestFilter.doFilter(OncePerRequestFilter.java:116) ~[spring-web-6.2.17.jar:6.2.17]
        at org.apache.catalina.core.ApplicationFilterChain.internalDoFilter(ApplicationFilterChain.java:162) ~[tomcat-embed-core-10.1.53.jar:10.1.53]
        at org.apache.catalina.core.ApplicationFilterChain.doFilter(ApplicationFilterChain.java:138) ~[tomcat-embed-core-10.1.53.jar:10.1.53]
        at org.springframework.web.filter.FormContentFilter.doFilterInternal(FormContentFilter.java:93) ~[spring-web-6.2.17.jar:6.2.17]
        at org.springframework.web.filter.OncePerRequestFilter.doFilter(OncePerRequestFilter.java:116) ~[spring-web-6.2.17.jar:6.2.17]
        at org.apache.catalina.core.ApplicationFilterChain.internalDoFilter(ApplicationFilterChain.java:162) ~[tomcat-embed-core-10.1.53.jar:10.1.53]
        at org.apache.catalina.core.ApplicationFilterChain.doFilter(ApplicationFilterChain.java:138) ~[tomcat-embed-core-10.1.53.jar:10.1.53]
        at org.springframework.web.filter.CharacterEncodingFilter.doFilterInternal(CharacterEncodingFilter.java:201) ~[spring-web-6.2.17.jar:6.2.17]
        at org.springframework.web.filter.OncePerRequestFilter.doFilter(OncePerRequestFilter.java:116) ~[spring-web-6.2.17.jar:6.2.17]
        at org.apache.catalina.core.ApplicationFilterChain.internalDoFilter(ApplicationFilterChain.java:162) ~[tomcat-embed-core-10.1.53.jar:10.1.53]
        at org.apache.catalina.core.ApplicationFilterChain.doFilter(ApplicationFilterChain.java:138) ~[tomcat-embed-core-10.1.53.jar:10.1.53]
        at org.apache.catalina.core.StandardWrapperValve.invoke(StandardWrapperValve.java:165) ~[tomcat-embed-core-10.1.53.jar:10.1.53]
        at org.apache.catalina.core.StandardContextValve.invoke(StandardContextValve.java:88) ~[tomcat-embed-core-10.1.53.jar:10.1.53]
        at org.apache.catalina.authenticator.AuthenticatorBase.invoke(AuthenticatorBase.java:492) ~[tomcat-embed-core-10.1.53.jar:10.1.53]
        at org.apache.catalina.core.StandardHostValve.invoke(StandardHostValve.java:113) ~[tomcat-embed-core-10.1.53.jar:10.1.53]
        at org.apache.catalina.valves.ErrorReportValve.invoke(ErrorReportValve.java:83) ~[tomcat-embed-core-10.1.53.jar:10.1.53]
        at org.apache.catalina.core.StandardEngineValve.invoke(StandardEngineValve.java:72) ~[tomcat-embed-core-10.1.53.jar:10.1.53]
        at org.apache.catalina.connector.CoyoteAdapter.service(CoyoteAdapter.java:342) ~[tomcat-embed-core-10.1.53.jar:10.1.53]
        at org.apache.coyote.http11.Http11Processor.service(Http11Processor.java:399) ~[tomcat-embed-core-10.1.53.jar:10.1.53]
        at org.apache.coyote.AbstractProcessorLight.process(AbstractProcessorLight.java:63) ~[tomcat-embed-core-10.1.53.jar:10.1.53]
        at org.apache.coyote.AbstractProtocol$ConnectionHandler.process(AbstractProtocol.java:903) ~[tomcat-embed-core-10.1.53.jar:10.1.53]
        at org.apache.tomcat.util.net.NioEndpoint$SocketProcessor.doRun(NioEndpoint.java:1775) ~[tomcat-embed-core-10.1.53.jar:10.1.53]
        at org.apache.tomcat.util.net.SocketProcessorBase.run(SocketProcessorBase.java:52) ~[tomcat-embed-core-10.1.53.jar:10.1.53]
        at org.apache.tomcat.util.threads.ThreadPoolExecutor.runWorker(ThreadPoolExecutor.java:973) ~[tomcat-embed-core-10.1.53.jar:10.1.53]
        at org.apache.tomcat.util.threads.ThreadPoolExecutor$Worker.run(ThreadPoolExecutor.java:491) ~[tomcat-embed-core-10.1.53.jar:10.1.53]
        at org.apache.tomcat.util.threads.TaskThread$WrappingRunnable.run(TaskThread.java:63) ~[tomcat-embed-core-10.1.53.jar:10.1.53]
        at java.base/java.lang.Thread.run(Thread.java:1583) ~[na:na]
Caused by: java.sql.SQLSyntaxErrorException: Unknown column 'ip' in 'field list'
        at com.mysql.cj.jdbc.exceptions.SQLError.createSQLException(SQLError.java:112) ~[mysql-connector-j-9.6.0.jar:9.6.0]
        at com.mysql.cj.jdbc.exceptions.SQLExceptionsMapping.translateException(SQLExceptionsMapping.java:114) ~[mysql-connector-j-9.6.0.jar:9.6.0]
        at com.mysql.cj.jdbc.ClientPreparedStatement.executeInternal(ClientPreparedStatement.java:988) ~[mysql-connector-j-9.6.0.jar:9.6.0]
        at com.mysql.cj.jdbc.ClientPreparedStatement.execute(ClientPreparedStatement.java:383) ~[mysql-connector-j-9.6.0.jar:9.6.0]
        at com.zaxxer.hikari.pool.ProxyPreparedStatement.execute(ProxyPreparedStatement.java:44) ~[HikariCP-6.3.3.jar:na]
        at com.zaxxer.hikari.pool.HikariProxyPreparedStatement.execute(HikariProxyPreparedStatement.java) ~[HikariCP-6.3.3.jar:na]
        at java.base/jdk.internal.reflect.DirectMethodHandleAccessor.invoke(DirectMethodHandleAccessor.java:103) ~[na:na]
        at java.base/java.lang.reflect.Method.invoke(Method.java:580) ~[na:na]
        at org.apache.ibatis.logging.jdbc.PreparedStatementLogger.invoke(PreparedStatementLogger.java:58) ~[mybatis-3.5.19.jar:3.5.19]
        at jdk.proxy3/jdk.proxy3.$Proxy156.execute(Unknown Source) ~[na:na]
        at org.apache.ibatis.executor.statement.PreparedStatementHandler.update(PreparedStatementHandler.java:48) ~[mybatis-3.5.19.jar:3.5.19]
        at org.apache.ibatis.executor.statement.RoutingStatementHandler.update(RoutingStatementHandler.java:75) ~[mybatis-3.5.19.jar:3.5.19]
        at java.base/jdk.internal.reflect.DirectMethodHandleAccessor.invoke(DirectMethodHandleAccessor.java:103) ~[na:na]
        at java.base/java.lang.reflect.Method.invoke(Method.java:580) ~[na:na]
        at org.apache.ibatis.plugin.Plugin.invoke(Plugin.java:61) ~[mybatis-3.5.19.jar:3.5.19]
        at jdk.proxy2/jdk.proxy2.$Proxy154.update(Unknown Source) ~[na:na]
        at org.apache.ibatis.executor.SimpleExecutor.doUpdate(SimpleExecutor.java:50) ~[mybatis-3.5.19.jar:3.5.19]
        at org.apache.ibatis.executor.BaseExecutor.update(BaseExecutor.java:117) ~[mybatis-3.5.19.jar:3.5.19]
        at org.apache.ibatis.executor.CachingExecutor.update(CachingExecutor.java:76) ~[mybatis-3.5.19.jar:3.5.19]
        at java.base/jdk.internal.reflect.DirectMethodHandleAccessor.invoke(DirectMethodHandleAccessor.java:103) ~[na:na]
        at java.base/java.lang.reflect.Method.invoke(Method.java:580) ~[na:na]
        at org.apache.ibatis.plugin.Invocation.proceed(Invocation.java:61) ~[mybatis-3.5.19.jar:3.5.19]
        at com.baomidou.mybatisplus.extension.plugins.MybatisPlusInterceptor.intercept(MybatisPlusInterceptor.java:106) ~[mybatis-plus-extension-3.5.15.jar:3.5.15]
        at org.apache.ibatis.plugin.Plugin.invoke(Plugin.java:59) ~[mybatis-3.5.19.jar:3.5.19]
        at jdk.proxy2/jdk.proxy2.$Proxy153.update(Unknown Source) ~[na:na]
        at org.apache.ibatis.session.defaults.DefaultSqlSession.update(DefaultSqlSession.java:197) ~[mybatis-3.5.19.jar:3.5.19]
        at org.apache.ibatis.session.defaults.DefaultSqlSession.insert(DefaultSqlSession.java:184) ~[mybatis-3.5.19.jar:3.5.19]
        at java.base/jdk.internal.reflect.DirectMethodHandleAccessor.invoke(DirectMethodHandleAccessor.java:103) ~[na:na]
        at java.base/java.lang.reflect.Method.invoke(Method.java:580) ~[na:na]
        at org.mybatis.spring.SqlSessionTemplate$SqlSessionInterceptor.invoke(SqlSessionTemplate.java:333) ~[mybatis-spring-3.0.5.jar:3.0.5]
        ... 79 common frames omitted

Creating a new SqlSession
SqlSession [org.apache.ibatis.session.defaults.DefaultSqlSession@22768ab6] was not registered for synchronization because synchronization is not active
JDBC Connection [HikariProxyConnection@749822088 wrapping com.mysql.cj.jdbc.ConnectionImpl@4c260a7f] will not be managed by Spring
==>  Preparing: INSERT INTO sys_error_log ( id, level, service, message, stack_trace, url, handled, created_at ) VALUES ( ?, ?, ?, ?, ?, ?, ?, ? )
==> Parameters: 2041736635723464706(Long), ERROR(String), system-service(String), 
### Error updating database.  Cause: java.sql.SQLSyntaxErrorException: Unknown column 'ip' in 'field list'
### The error may exist in com/quadra/system/adapter/out/persistence/mapper/SysLoginLogMapper.java (best guess)
### The error may involve com.quadra.system.adapter.out.persistence.mapper.SysLoginLogMapper.insert-Inline
### The error occurred while setting parameters
### SQL: INSERT INTO sys_login_log  ( id,  admin_name, ip, location, user_agent, status, reason, created_at )  VALUES (  ?,  ?, ?, ?, ?, ?, ?, ?  )
### Cause: java.sql.SQLSyntaxErrorException: Unknown column 'ip' in 'field list'
; bad SQL grammar [](String), org.springframework.jdbc.BadSqlGrammarException: 
### Error updating database.  Cause: java.sql.SQLSyntaxErrorException: Unknown column 'ip' in 'field list'
### The error may exist in com/quadra/system/adapter/out/persistence/mapper/SysLoginLogMapper.java (best guess)
### The error may involve com.quadra.system.adapter.out.persistence.mapper.SysLoginLogMapper.insert-Inline
### The error occurred while setting parameters
### SQL: INSERT INTO sys_login_log  ( id,  admin_name, ip, location, user_agent, status, reason, created_at )  VALUES (  ?,  ?, ?, ?, ?, ?, ?, ?  )
### Cause: java.sql.SQLSyntaxErrorException: Unknown column 'ip' in 'field list'
; bad SQL grammar []
        at org.springframework.jdbc.support.SQLErrorCodeSQLExceptionTranslator.doTranslate(SQLErrorCodeSQLExceptionTranslator.java:246)
        at org.springframework.jdbc.support.AbstractFallbackSQLExceptionTranslator.translate(AbstractFallbackSQLExceptionTranslator.java:107)
        at org.mybatis.spring.MyBatisExceptionTranslator.translateExceptionIfPossible(MyBatisExceptionTranslator.java:95)
        at org.mybatis.spring.SqlSessionTemplate$SqlSessionInterceptor.invoke(SqlSessionTemplate.java:347)
        at jdk.proxy2/jdk.proxy2.$Proxy94.insert(Unknown Source)
        at org.mybatis.spring.SqlSessionTemplate.insert(SqlSessionTemplate.java:224)
        at com.baomidou.mybatisplus.core.override.MybatisMapperMethod.execute(MybatisMapperMethod.java:59)
        at com.baomidou.mybatisplus.core.override.MybatisMapperProxy$PlainMethodInvoker.invoke(MybatisMapperProxy.java:156)
        at com.baomidou.mybatisplus.core.override.MybatisMapperProxy.invoke(MybatisMapperProxy.java:93)
        at jdk.proxy2/jdk.proxy2.$Proxy130.insert(Unknown Source)
        at com.quadra.system.adapter.out.persistence.SystemLogRepositoryImpl.saveLoginLog(SystemLogRepositoryImpl.java:204)
        at java.base/jdk.internal.reflect.DirectMethodHandleAccessor.invoke(DirectMethodHandleAccessor.java:103)
        at java.base/java.lang.reflect.Method.invoke(Method.java:580)
        at org.springframework.aop.support.AopUtils.invokeJoinpointUsingReflection(AopUtils.java:360)
        at org.springframework.aop.framework.ReflectiveMethodInvocation.invokeJoinpoint(ReflectiveMethodInvocation.java:196)
        at org.springframework.aop.framework.ReflectiveMethodInvocation.proceed(ReflectiveMethodInvocation.java:163)
        at org.springframework.dao.support.PersistenceExceptionTranslationInterceptor.invoke(PersistenceExceptionTranslationInterceptor.java:138)
        at org.springframework.aop.framework.ReflectiveMethodInvocation.proceed(ReflectiveMethodInvocation.java:184)
        at org.springframework.aop.framework.CglibAopProxy$DynamicAdvisedInterceptor.intercept(CglibAopProxy.java:728)
        at com.quadra.system.adapter.out.persistence.SystemLogRepositoryImpl$$SpringCGLIB$$0.saveLoginLog(<generated>)
        at com.quadra.system.application.service.SystemLogApplicationService.save(SystemLogApplicationService.java:58)
        at com.quadra.system.adapter.in.web.SystemController.login(SystemController.java:88)
        at java.base/jdk.internal.reflect.DirectMethodHandleAccessor.invoke(DirectMethodHandleAccessor.java:103)
        at java.base/java.lang.reflect.Method.invoke(Method.java:580)
        at org.springframework.aop.support.AopUtils.invokeJoinpointUsingReflection(AopUtils.java:360)
        at org.springframework.aop.framework.ReflectiveMethodInvocation.invokeJoinpoint(ReflectiveMethodInvocation.java:196)
        at org.springframework.aop.framework.ReflectiveMethodInvocation.proceed(ReflectiveMethodInvocation.java:163)
        at org.springframework.aop.interceptor.ExposeInvocationInterceptor.invoke(ExposeInvocationInterceptor.java:97)
        at org.springframework.aop.framework.ReflectiveMethodInvocation.proceed(ReflectiveMethodInvocation.java:184)
        at org.springframework.aop.framework.CglibAopProxy$DynamicAdvisedInterceptor.intercept(CglibAopProxy.java:728)
        at com.quadra.system.adapter.in.web.SystemController$$SpringCGLIB$$0.login(<generated>)
        at java.base/jdk.internal.reflect.DirectMethodHandleAccessor.invoke(DirectMethodHandleAccessor.java:103)
        at java.base/java.lang.reflect.Method.invoke(Method.java:580)
        at org.springframework.web.method.support.InvocableHandlerMethod.doInvoke(InvocableHandlerMethod.java:258)
        at org.springframework.web.method.support.InvocableHandlerMethod.invokeForRequest(InvocableHandlerMethod.java:191)
        at org.springframework.web.servlet.mvc.method.annotation.ServletInvocableHandlerMethod.invokeAndHandle(ServletInvocableHandlerMethod.java:118)
        at org.springframework.web.servlet.mvc.method.annotation.RequestMappingHandlerAdapter.invokeHandlerMethod(RequestMappingHandlerAdapter.java:991)
        at org.springframework.web.servlet.mvc.method.annotation.RequestMappingHandlerAdapter.handleInternal(RequestMappingHandlerAdapter.java:896)
        at org.springframework.web.servlet.mvc.method.AbstractHandlerMethodAdapter.handle(AbstractHandlerMethodAdapter.java:87)
        at org.springframework.web.servlet.DispatcherServlet.doDispatch(DispatcherServlet.java:1089)
        at org.springframework.web.servlet.DispatcherServlet.doService(DispatcherServlet.java:979)
        at org.springframework.web.servlet.FrameworkServlet.processRequest(FrameworkServlet.java:1014)
        at org.springframework.web.servlet.FrameworkServlet.doPost(FrameworkServlet.java:914)
        at jakarta.servlet.http.HttpServlet.service(HttpServlet.java:590)
        at org.springframework.web.servlet.FrameworkServlet.service(FrameworkServlet.java:885)
        at jakarta.servlet.http.HttpServlet.service(HttpServlet.java:658)
        at org.apache.catalina.core.ApplicationFilterChain.internalDoFilter(ApplicationFilterChain.java:193)
        at org.apache.catalina.core.ApplicationFilterChain.doFilter(ApplicationFilterChain.java:138)
        at org.apache.tomcat.websocket.server.WsFilter.doFilter(WsFilter.java:51)
        at org.apache.catalina.core.ApplicationFilterChain.internalDoFilter(ApplicationFilterChain.java:162)
        at org.apache.catalina.core.ApplicationFilterChain.doFilter(ApplicationFilterChain.java:138)
        at com.quadra.system.adapter.in.web.filter.SysRequestLogFilter.doFilterInternal(SysRequestLogFilter.java:67)
        at org.springframework.web.filter.OncePerRequestFilter.doFilter(OncePerRequestFilter.java:116)
        at org.apache.catalina.core.ApplicationFilterChain.internalDoFilter(ApplicationFilterChain.java:162)
        at org.apache.catalina.core.ApplicationFilterChain.doFilter(ApplicationFilterChain.java:138)
        at org.springframework.web.filter.RequestContextFilter.doFilterInternal(RequestContextFilter.java:100)
        at org.springframework.web.filter.OncePerRequestFilter.doFilter(OncePerRequestFilter.java:116)
        at org.apache.catalina.core.ApplicationFilterChain.internalDoFilter(ApplicationFilterChain.java:162)
        at org.apache.catalina.core.ApplicationFilterChain.doFilter(ApplicationFilterChain.java:138)
        at org.springframework.web.filter.FormContentFilter.doFilterInternal(FormContentFilter.java:93)
        at org.springframework.web.filter.OncePerRequestFilter.doFilter(OncePerRequestFilter.java:116)
        at org.apache.catalina.core.ApplicationFilterChain.internalDoFilter(ApplicationFilterChain.java:162)
        at org.apache.catalina.core.ApplicationFilterChain.doFilter(ApplicationFilterChain.java:138)
        at org.springframework.web.filter.CharacterEncodingFilter.doFilterInternal(CharacterEncodingFilter.java:201)
        at org.springframework.web.filter.OncePerRequestFilter.doFilter(OncePerRequestFilter.java:116)
        at org.apache.catalina.core.ApplicationFilterChain.internalDoFilter(ApplicationFilterChain.java:162)
        at org.apache.catalina.core.ApplicationFilterChain.doFilter(ApplicationFilterChain.java:138)
        at org.apache.catalina.core.StandardWrapperValve.invoke(StandardWrapperValve.java:165)
        at org.apache.catalina.core.StandardContextValve.invoke(StandardContextValve.java:88)
        at org.apache.catalina.authenticator.AuthenticatorBase.invoke(AuthenticatorBase.java:492)
        at org.apache.catalina.core.StandardHostValve.invoke(StandardHostValve.java:113)
        at org.apache.catalina.valves.ErrorReportValve.invoke(ErrorReportValve.java:83)
        at org.apache.catalina.core.StandardEngineValve.invoke(StandardEngineValve.java:72)
        at org.apache.catalina.connector.CoyoteAdapter.service(CoyoteAdapter.java:342)
        at org.apache.coyote.http11.Http11Processor.service(Http11Processor.java:399)
        at org.apache.coyote.AbstractProcessorLight.process(AbstractProcessorLight.java:63)
        at org.apache.coyote.AbstractProtocol$ConnectionHandler.process(AbstractProtocol.java:903)
        at org.apache.tomcat.util.net.NioEndpoint$SocketProcessor.doRun(NioEndpoint.java:1775)
        at org.apache.tomcat.util.net.SocketProcessorBase.run(SocketProcessorBase.java:52)
        at org.apache.tomcat.util.threads.ThreadPoolExecutor.runWorker(ThreadPoolExecutor.java:973)
        at org.apache.tomcat.util.threads.ThreadPoolExecutor$Worker.run(ThreadPoolExecutor.java:491)
        at org.apache.tomcat.util.threads.TaskThread$WrappingRunnable.run(TaskThread.java:63)
        at java.base/java.lang.Thread.run(Thread.java:1583)
Caused by: java.sql.SQLSyntaxErrorException: Unknown column 'ip' in 'field list'
        at com.mysql.cj.jdbc.exceptions.SQLError.createSQLException(SQLError.java:112)
        at com.mysql.cj.jdbc.exceptions.SQLExceptionsMapping.translateException(SQLExceptionsMapping.java:114)
        at com.mysql.cj.jdbc.ClientPreparedStatement.executeInternal(ClientPreparedStatement.java:988)
        at com.mysql.cj.jdbc.ClientPreparedStatement.execute(ClientPreparedStatement.java:383)
        at com.zaxxer.hikari.pool.ProxyPreparedStatement.execute(ProxyPreparedStatement.java:44)
        at com.zaxxer.hikari.pool.HikariProxyPreparedStatement.execute(HikariProxyPreparedStatement.java)
        at java.base/jdk.internal.reflect.DirectMethodHandleAccessor.invoke(DirectMethodHandleAccessor.java:103)
        at java.base/java.lang.reflect.Method.invoke(Method.java:580)
        at org.apache.ibatis.logging.jdbc.PreparedStatementLogger.invoke(PreparedStatementLogger.java:58)
        at jdk.proxy3/jdk.proxy3.$Proxy156.execute(Unknown Source)
        at org.apache.ibatis.executor.statement.PreparedStatementHandler.update(PreparedStatementHandler.java:48)
        at org.apache.ibatis.executor.statement.RoutingStatementHandler.update(RoutingStatementHandler.java:75)
        at java.base/jdk.internal.reflect.DirectMethodHandleAccessor.invoke(DirectMethodHandleAccessor.java:103)
        at java.base/java.lang.reflect.Method.invoke(Method.java:580)
        at org.apache.ibatis.plugin.Plugin.invoke(Plugin.java:61)
        at jdk.proxy2/jdk.proxy2.$Proxy154.update(Unknown Source)
        at org.apache.ibatis.executor.SimpleExecutor.doUpdate(SimpleExecutor.java:50)
        at org.apache.ibatis.executor.BaseExecutor.update(BaseExecutor.java:117)
        at org.apache.ibatis.executor.CachingExecutor.update(CachingExecutor.java:76)
        at java.base/jdk.internal.reflect.DirectMethodHandleAccessor.invoke(DirectMethodHandleAccessor.java:103)
        at java.base/java.lang.reflect.Method.invoke(Method.java:580)
        at org.apache.ibatis.plugin.Invocation.proceed(Invocation.java:61)
        at com.baomidou.mybatisplus.extension.plugins.MybatisPlusInterceptor.intercept(MybatisPlusInterceptor.java:106)
        at org.apache.ibatis.plugin.Plugin.invoke(Plugin.java:59)
        at jdk.proxy2/jdk.proxy2.$Proxy153.update(Unknown Source)
        at org.apache.ibatis.session.defaults.DefaultSqlSession.update(DefaultSqlSession.java:197)
        at org.apache.ibatis.session.defaults.DefaultSqlSession.insert(DefaultSqlSession.java:184)
        at java.base/jdk.internal.reflect.DirectMethodHandleAccessor.invoke(DirectMethodHandleAccessor.java:103)
        at java.base/java.lang.reflect.Method.invoke(Method.java:580)
        at org.mybatis.spring.SqlSessionTemplate$SqlSessionInterceptor.invoke(SqlSessionTemplate.java:333)
        ... 79 more
(String), /system/admin/login(String), false(Boolean), 2026-04-08T12:35:22.244858(LocalDateTime)
Creating a new SqlSession
SqlSession [org.apache.ibatis.session.defaults.DefaultSqlSession@7fe2a25a] was not registered for synchronization because synchronization is not active
JDBC Connection [HikariProxyConnection@1532096487 wrapping com.mysql.cj.jdbc.ConnectionImpl@779b68f0] will not be managed by Spring
==>  Preparing: INSERT INTO sys_request_log ( id, service, trace_id, method, path, status_code, duration_ms, ip_address, user_agent, request_headers, request_body, response_body ) VALUES ( ?, ?, ?, ?, ?, ?, ?, ?, ?, ?, ?, ? )
==> Parameters: 2041736635757019138(Long), quadra-system(String), 789d9be43fd04604954e8ef03ba1613a(String), POST(String), /system/admin/login(String), 500(Integer), 784(Integer), 192.168.2.19(String), Mozilla/5.0 (Macintosh; Intel Mac OS X 10_15_7) AppleWebKit/537.36 (KHTML, like Gecko) Chrome/146.0.0.0 Safari/537.36(String), {"content-length":"40","sec-ch-ua-platform":"\"macOS\"","user-agent":"Mozilla/5.0 (Macintosh; Intel Mac OS X 10_15_7) AppleWebKit/537.36 (KHTML, like Gecko) Chrome/146.0.0.0 Safari/537.36","accept":"application/json, text/plain, */*","sec-ch-ua":"\"Chromium\";v=\"146\", \"Not-A.Brand\";v=\"24\", \"Google Chrome\";v=\"146\"","content-type":"application/json","sec-ch-ua-mobile":"?0","origin":"http://localhost:5173","sec-fetch-site":"same-origin","sec-fetch-mode":"cors","sec-fetch-dest":"empty","referer":"http://localhost:5173/login","accept-encoding":"gzip, deflate, br, zstd","accept-language":"zh-CN,zh;q=0.9","host":"192.168.2.19:18086"}(String), {"username":"admin","password":"123456"}(String), {"success":false,"code":50000,"message":"系统内部错误，请稍后重试","data":null,"timestamp":1775622922244,"requestId":"789d9be43fd04604954e8ef03ba1613a"}(String)
<==    Updates: 1
Closing non transactional SqlSession [org.apache.ibatis.session.defaults.DefaultSqlSession@22768ab6]
<==    Updates: 1
Closing non transactional SqlSession [org.apache.ibatis.session.defaults.DefaultSqlSession@7fe2a25a]
